  ℹ  Transaction log: C:\SQA\sqa_banking_app\SQA Phase 3\outputs\TC-14-invalid-menu.in.atf
  ℹ  History log:     C:\SQA\sqa_banking_app\SQA Phase 3\Transactions\history_20260227_183614.txt

╔══════════════════════════════════════════════╗
║  SECURE BANKING TERMINAL                     ║
║  ATM Interface  v3.0                         ║
╠══════════════════════════════════════════════╣
║  Welcome to the Banking System               ║
╚══════════════════════════════════════════════╝

┌─ Login ──────────────────────────────────────┐
  ▶  Account number:   ▶  PIN          : └────────────────────────────────────────────────┘
  ✔  Login successful

╔══════════════════════════════════════════════╗
║  Account: 123456                             ║
╠══════════════════════════════════════════════╣
║  Main Menu:                                  ║
║                                              ║
║    1.  View Balance                          ║
║    2.  Deposit                               ║
║    3.  Withdraw                              ║
║    4.  Logout                                ║
║    5.  Exit                                  ║
╚══════════════════════════════════════════════╝
  ▶  Select (1-5):   ✖  Invalid menu option

╔══════════════════════════════════════════════╗
║  Account: 123456                             ║
╠══════════════════════════════════════════════╣
║  Main Menu:                                  ║
║                                              ║
║    1.  View Balance                          ║
║    2.  Deposit                               ║
║    3.  Withdraw                              ║
║    4.  Logout                                ║
║    5.  Exit                                  ║
╚══════════════════════════════════════════════╝
  ▶  Select (1-5): 