Traceback (most recent call last):
  File "C:\Users\ahmed\Downloads\banking_tests_phase3 (1)\banking_tests\bankingapp.py", line 372, in <module>
    raise SystemExit(main(sys.argv))
                     ~~~~^^^^^^^^^^
  File "C:\Users\ahmed\Downloads\banking_tests_phase3 (1)\banking_tests\bankingapp.py", line 367, in main
    app.run()
    ~~~~~~~^^
  File "C:\Users\ahmed\Downloads\banking_tests_phase3 (1)\banking_tests\bankingapp.py", line 302, in run
    if not self.login():
           ~~~~~~~~~~^^
  File "C:\Users\ahmed\Downloads\banking_tests_phase3 (1)\banking_tests\bankingapp.py", line 161, in login
    _banner()
    ~~~~~~~^^
  File "C:\Users\ahmed\Downloads\banking_tests_phase3 (1)\banking_tests\bankingapp.py", line 57, in _banner
    print(_box_top())
    ~~~~~^^^^^^^^^^^^
  File "C:\Users\ahmed\AppData\Local\Python\pythoncore-3.14-64\Lib\encodings\cp1252.py", line 19, in encode
    return codecs.charmap_encode(input,self.errors,encoding_table)[0]
           ~~~~~~~~~~~~~~~~~~~~~^^^^^^^^^^^^^^^^^^^^^^^^^^^^^^^^^^
UnicodeEncodeError: 'charmap' codec can't encode characters in position 0-47: character maps to <undefined>
