  ℹ  Transaction log: C:\SQA\sqa_banking_app\SQA Phase 3\outputs\TC-15-invalid-command-format.atf
  ℹ  History log:     C:\SQA\sqa_banking_app\SQA Phase 3\Transactions\history_20260227_193251.txt

╔══════════════════════════════════════════════╗
║  Banking App Terminal                        ║
║  Phase 3                                     ║
╠══════════════════════════════════════════════╣
║  Welcome to the Banking System               ║
╚══════════════════════════════════════════════╝

┌─ Login ──────────────────────────────────────┐
  ▶  Account number:   ▶  PIN          : └────────────────────────────────────────────────┘
  ✔  Login successful

╔══════════════════════════════════════════════╗
║  Account: 123456                             ║
╠══════════════════════════════════════════════╣
║  Main Menu:                                  ║
║                                              ║
║    1.  View Balance                          ║
║    2.  Deposit                               ║
║    3.  Withdraw                              ║
║    4.  Logout                                ║
║    5.  Exit                                  ║
╚══════════════════════════════════════════════╝
  ▶  Select (1-5):   ✖  Invalid input format

  Goodbye

